<?xml version="1.0" encoding="UTF-8"?>
<!-- Generated by org.testng.reporters.JUnitXMLReporter -->
<testsuite ignored="1" hostname="AS101353" failures="0" tests="1" name="Default test" time="6.885" errors="0" timestamp="2022-11-15T07:58:05 CST">
  <testcase classname="maconomy.webclient.Tests.LoginTest" name="successfulLogin" time="3.235"/>
  <testcase classname="maconomy.webclient.Tests.BaseTest" name="@AfterSuite AfterSuite" time="0.0">
    <ignored/>
  </testcase> <!-- @AfterSuite AfterSuite -->
</testsuite> <!-- Default test -->
