<?xml version="1.0" encoding="UTF-8"?>
<testng-results ignored="1" total="2" passed="1" failed="0" skipped="0">
  <reporter-output>
  </reporter-output>
  <suite started-at="2022-11-15T07:57:58 CST" name="Default suite" finished-at="2022-11-15T07:58:05 CST" duration-ms="6885">
    <groups>
    </groups>
    <test started-at="2022-11-15T07:57:58 CST" name="Default test" finished-at="2022-11-15T07:58:05 CST" duration-ms="6885">
      <class name="maconomy.webclient.Tests.BaseTest">
        <test-method is-config="true" signature="AfterSuite()[pri:0, instance:maconomy.webclient.Tests.BaseTest@2d52216b]" started-at="2022-11-15T07:58:05 CST" name="AfterSuite" finished-at="2022-11-15T07:58:05 CST" duration-ms="1" status="FAIL">
          <exception class="java.lang.NullPointerException">
            <message>
              <![CDATA[Cannot invoke "org.openqa.selenium.WebDriver.close()" because "this.webDriver" is null]]>
            </message>
            <full-stacktrace>
              <![CDATA[java.lang.NullPointerException: Cannot invoke "org.openqa.selenium.WebDriver.close()" because "this.webDriver" is null
at maconomy.webclient.Tests.BaseTest.AfterSuite(BaseTest.java:26)
at java.base/jdk.internal.reflect.NativeMethodAccessorImpl.invoke0(Native Method)
at java.base/jdk.internal.reflect.NativeMethodAccessorImpl.invoke(NativeMethodAccessorImpl.java:77)
at java.base/jdk.internal.reflect.DelegatingMethodAccessorImpl.invoke(DelegatingMethodAccessorImpl.java:43)
at java.base/java.lang.reflect.Method.invoke(Method.java:568)
at org.testng.internal.invokers.MethodInvocationHelper.invokeMethod(MethodInvocationHelper.java:139)
at org.testng.internal.invokers.MethodInvocationHelper.invokeMethodConsideringTimeout(MethodInvocationHelper.java:69)
at org.testng.internal.invokers.ConfigInvoker.invokeConfigurationMethod(ConfigInvoker.java:361)
at org.testng.internal.invokers.ConfigInvoker.invokeConfigurations(ConfigInvoker.java:296)
at org.testng.SuiteRunner.privateRun(SuiteRunner.java:400)
at org.testng.SuiteRunner.run(SuiteRunner.java:330)
at org.testng.SuiteRunnerWorker.runSuite(SuiteRunnerWorker.java:52)
at org.testng.SuiteRunnerWorker.run(SuiteRunnerWorker.java:95)
at org.testng.TestNG.runSuitesSequentially(TestNG.java:1256)
at org.testng.TestNG.runSuitesLocally(TestNG.java:1176)
at org.testng.TestNG.runSuites(TestNG.java:1099)
at org.testng.TestNG.run(TestNG.java:1067)
at org.testng.remote.AbstractRemoteTestNG.run(AbstractRemoteTestNG.java:115)
at org.testng.remote.RemoteTestNG.initAndRun(RemoteTestNG.java:251)
at org.testng.remote.RemoteTestNG.main(RemoteTestNG.java:77)
]]>
            </full-stacktrace>
          </exception> <!-- java.lang.NullPointerException -->
          <reporter-output>
          </reporter-output>
        </test-method> <!-- AfterSuite -->
      </class> <!-- maconomy.webclient.Tests.BaseTest -->
      <class name="maconomy.webclient.Tests.LoginTest">
        <test-method is-config="true" signature="BeforeSuite()[pri:0, instance:maconomy.webclient.Tests.LoginTest@4a883b15]" started-at="2022-11-15T07:57:58 CST" name="BeforeSuite" description="creation of web driver object" finished-at="2022-11-15T07:58:02 CST" duration-ms="3601" status="PASS">
          <reporter-output>
          </reporter-output>
        </test-method> <!-- BeforeSuite -->
        <test-method signature="successfulLogin()[pri:1, instance:maconomy.webclient.Tests.LoginTest@4a883b15]" started-at="2022-11-15T07:58:02 CST" name="successfulLogin" finished-at="2022-11-15T07:58:05 CST" duration-ms="3235" status="PASS">
          <reporter-output>
          </reporter-output>
        </test-method> <!-- successfulLogin -->
      </class> <!-- maconomy.webclient.Tests.LoginTest -->
    </test> <!-- Default test -->
  </suite> <!-- Default suite -->
</testng-results>
