<?xml version="1.0" encoding="UTF-8"?>
<testng-results ignored="0" total="1" passed="1" failed="0" skipped="0">
  <reporter-output>
  </reporter-output>
  <suite started-at="2022-11-16T08:25:51 CST" name="Default suite" finished-at="2022-11-16T08:28:03 CST" duration-ms="132382">
    <groups>
    </groups>
    <test started-at="2022-11-16T08:25:51 CST" name="Default test" finished-at="2022-11-16T08:28:03 CST" duration-ms="132382">
      <class name="archive.version1.Tests.LoginTest">
        <test-method is-config="true" signature="BeforeClass()[pri:0, instance:archive.version1.Tests.LoginTest@3527942a]" started-at="2022-11-16T08:25:51 CST" name="BeforeClass" description="creation of web driver object" finished-at="2022-11-16T08:27:47 CST" duration-ms="116210" status="PASS">
          <reporter-output>
          </reporter-output>
        </test-method> <!-- BeforeClass -->
        <test-method signature="successfulLogin()[pri:1, instance:archive.version1.Tests.LoginTest@3527942a]" started-at="2022-11-16T08:27:47 CST" name="successfulLogin" finished-at="2022-11-16T08:28:03 CST" duration-ms="15397" status="PASS">
          <reporter-output>
          </reporter-output>
        </test-method> <!-- successfulLogin -->
        <test-method is-config="true" signature="AfterClass()[pri:0, instance:archive.version1.Tests.LoginTest@3527942a]" started-at="2022-11-16T08:28:03 CST" name="AfterClass" finished-at="2022-11-16T08:28:03 CST" duration-ms="705" status="PASS">
          <reporter-output>
          </reporter-output>
        </test-method> <!-- AfterClass -->
      </class> <!-- archive.version1.Tests.LoginTest -->
    </test> <!-- Default test -->
  </suite> <!-- Default suite -->
</testng-results>
